
> @ntp/web@ build /Users/koenbekkering/Documents/New project/apps/web
> next build

  ▲ Next.js 14.2.35
  - Experiments (use with caution):
    · typedRoutes

   Creating an optimized production build ...
 ✓ Compiled successfully
   Linting and checking validity of types ...

   We detected TypeScript in your project and reconfigured your tsconfig.json file for you. Strict-mode is set to false by default.
   The following suggested values were added to your tsconfig.json. These values can be changed to fit your project's needs:

   	- include was updated to add '.next/types/**/*.ts'
   	- plugins was updated to add { name: 'next' }

   The following mandatory changes were made to your tsconfig.json:

   	- isolatedModules was set to true (requirement for SWC / Babel)

   Collecting page data ...
   Generating static pages (0/13) ...
   Generating static pages (3/13) 
   Generating static pages (6/13) 
   Generating static pages (9/13) 
 ✓ Generating static pages (13/13)
   Finalizing page optimization ...
   Collecting build traces ...

Route (app)                              Size     First Load JS
┌ ○ /                                    176 B          87.4 kB
├ ○ /_not-found                          875 B          88.1 kB
├ ○ /api                                 175 B          87.4 kB
├ ƒ /consultaties/[id]                   175 B          87.4 kB
├ ○ /kamerleden                          175 B          87.4 kB
├ ƒ /kamerleden/[id]                     176 B          87.4 kB
├ ○ /moties                              176 B          87.4 kB
├ ƒ /moties/[id]                         176 B          87.4 kB
├ ○ /partijen                            175 B          87.4 kB
├ ƒ /partijen/[id]                       176 B          87.4 kB
├ ○ /portal                              176 B          87.4 kB
├ ƒ /portal/consultations/[id]/edit      174 B          87.4 kB
├ ○ /portal/consultations/new            176 B          87.4 kB
├ ○ /portal/login                        176 B          87.4 kB
├ ○ /transparantie                       176 B          87.4 kB
└ ○ /verbinding                          176 B          87.4 kB
+ First Load JS shared by all            87.2 kB
  ├ chunks/5b8f0dd8-0b7e1dd47e2a464c.js  53.7 kB
  ├ chunks/770-e753acce22f7faf5.js       31.7 kB
  └ other shared chunks (total)          1.85 kB


○  (Static)   prerendered as static content
ƒ  (Dynamic)  server-rendered on demand

